#
# There is insufficient memory for the Java Runtime Environment to continue.
# Native memory allocation (malloc) failed to allocate 32744 bytes for ChunkPool::allocate
# Possible reasons:
#   The system is out of physical RAM or swap space
#   The process is running with CompressedOops enabled, and the Java Heap may be blocking the growth of the native heap
# Possible solutions:
#   Reduce memory load on the system
#   Increase physical memory or swap space
#   Check if swap backing store is full
#   Decrease Java heap size (-Xmx/-Xms)
#   Decrease number of Java threads
#   Decrease Java thread stack sizes (-Xss)
#   Set larger code cache with -XX:ReservedCodeCacheSize=
#   JVM is running with Unscaled Compressed Oops mode in which the Java heap is
#     placed in the first 4GB address space. The Java Heap base address is the
#     maximum limit for the native heap growth. Please use -XX:HeapBaseMinAddress
#     to set the Java Heap base and to place the Java Heap above 4GB virtual address.
# This output file may be truncated or incomplete.
#
#  Out of Memory Error (allocation.cpp:272), pid=6036, tid=0x0000000000001548
#
# JRE version: Java(TM) SE Runtime Environment (8.0_241-b07) (build 1.8.0_241-b07)
# Java VM: Java HotSpot(TM) 64-Bit Server VM (25.241-b07 mixed mode windows-amd64 compressed oops)
# Failed to write core dump. Minidumps are not enabled by default on client versions of Windows
#

---------------  T H R E A D  ---------------

Current thread (0x0000000013a97800):  JavaThread "C2 CompilerThread0" daemon [_thread_in_native, id=5448, stack(0x00000000150e0000,0x00000000151e0000)]

Stack: [0x00000000150e0000,0x00000000151e0000]
[error occurred during error reporting (printing stack bounds), id 0xc0000005]

Native frames: (J=compiled Java code, j=interpreted, Vv=VM code, C=native code)


Current CompileTask:
C2:   3083 1472       4       java.net.URLClassLoader$1::run (5 bytes)


---------------  P R O C E S S  ---------------

Java Threads: ( => current thread )
  0x0000000013acb800 JavaThread "Cache worker for file hash cache (C:\Users\Administrator\.gradle\caches\7.4.1\fileHashes)" [_thread_blocked, id=3812, stack(0x0000000019850000,0x0000000019950000)]
  0x0000000013acd800 JavaThread "File lock request listener" [_thread_in_native, id=9620, stack(0x0000000019600000,0x0000000019700000)]
  0x0000000013aca000 JavaThread "Cache worker for journal cache (C:\Users\Administrator\.gradle\caches\journal-1)" [_thread_blocked, id=7252, stack(0x0000000019750000,0x0000000019850000)]
  0x0000000017718000 JavaThread "Daemon client event forwarder" [_thread_blocked, id=548, stack(0x0000000019300000,0x0000000019400000)]
  0x000000001769d800 JavaThread "Stdin handler" [_thread_blocked, id=11888, stack(0x0000000019200000,0x0000000019300000)]
  0x000000001769d000 JavaThread "Asynchronous log dispatcher for DefaultDaemonConnection: socket connection from /127.0.0.1:50876 to /127.0.0.1:50877" [_thread_blocked, id=6812, stack(0x0000000019100000,0x0000000019200000)]
  0x0000000017685800 JavaThread "Daemon worker" [_thread_in_vm, id=6068, stack(0x0000000019000000,0x0000000019100000)]
  0x0000000017713800 JavaThread "Cancel handler" [_thread_blocked, id=3008, stack(0x0000000018f00000,0x0000000019000000)]
  0x0000000017617800 JavaThread "Handler for socket connection from /127.0.0.1:50876 to /127.0.0.1:50877" [_thread_in_native, id=5188, stack(0x0000000018e00000,0x0000000018f00000)]
  0x0000000017615000 JavaThread "Daemon" [_thread_blocked, id=9520, stack(0x0000000018d00000,0x0000000018e00000)]
  0x00000000175ac000 JavaThread "Daemon periodic checks" [_thread_blocked, id=828, stack(0x0000000018a00000,0x0000000018b00000)]
  0x00000000175ab800 JavaThread "Incoming local TCP Connector on port 50876" [_thread_in_native, id=8860, stack(0x00000000187c0000,0x00000000188c0000)]
  0x0000000016aa9800 JavaThread "Daemon health stats" [_thread_blocked, id=11292, stack(0x0000000018380000,0x0000000018480000)]
  0x0000000015423000 JavaThread "Service Thread" daemon [_thread_blocked, id=11352, stack(0x00000000157e0000,0x00000000158e0000)]
  0x0000000013aca800 JavaThread "C1 CompilerThread2" daemon [_thread_blocked, id=4136, stack(0x00000000152e0000,0x00000000153e0000)]
  0x0000000013a9d800 JavaThread "C2 CompilerThread1" daemon [_thread_in_native, id=3524, stack(0x00000000151e0000,0x00000000152e0000)]
=>0x0000000013a97800 JavaThread "C2 CompilerThread0" daemon [_thread_in_native, id=5448, stack(0x00000000150e0000,0x00000000151e0000)]
  0x0000000013a93800 JavaThread "Attach Listener" daemon [_thread_blocked, id=12152, stack(0x0000000014fe0000,0x00000000150e0000)]
  0x0000000013a92800 JavaThread "Signal Dispatcher" daemon [_thread_blocked, id=2616, stack(0x0000000014ee0000,0x0000000014fe0000)]
  0x000000000266b800 JavaThread "Finalizer" daemon [_thread_blocked, id=2420, stack(0x0000000014ce0000,0x0000000014de0000)]
  0x0000000002663000 JavaThread "Reference Handler" daemon [_thread_blocked, id=3204, stack(0x0000000014be0000,0x0000000014ce0000)]
  0x000000000246e000 JavaThread "main" [_thread_blocked, id=12096, stack(0x0000000002470000,0x0000000002570000)]

Other Threads:
  0x0000000013a57000 VMThread [stack: 0x0000000014ae0000,0x0000000014be0000] [id=3768]
  0x0000000015424000 WatcherThread [stack: 0x00000000158e0000,0x00000000159e0000] [id=324]

VM state:not at safepoint (normal execution)

VM Mutex/Monitor currently owned by a thread: None

heap address: 0x00000000e0000000, size: 512 MB, Compressed Oops mode: 32-bit
Narrow klass base: 0x0000000000000000, Narrow klass shift: 3
Compressed class space size: 1073741824 Address: 0x0000000100000000

Heap:
 PSYoungGen      total 76288K, used 49333K [0x00000000f5580000, 0x00000000faa80000, 0x0000000100000000)
  eden space 65536K, 62% used [0x00000000f5580000,0x00000000f7d55838,0x00000000f9580000)
  from space 10752K, 79% used [0x00000000fa000000,0x00000000fa857f50,0x00000000faa80000)
  to   space 10752K, 0% used [0x00000000f9580000,0x00000000f9580000,0x00000000fa000000)
 ParOldGen       total 175104K, used 24K [0x00000000e0000000, 0x00000000eab00000, 0x00000000f5580000)
  object space 175104K, 0% used [0x00000000e0000000,0x00000000e0006000,0x00000000eab00000)
 Metaspace       used 16271K, capacity 16844K, committed 17152K, reserved 1064960K
  class space    used 2320K, capacity 2484K, committed 2560K, reserved 1048576K

Card table byte_map: [0x0000000011a30000,0x0000000011b40000] byte_map_base: 0x0000000011330000

Marking Bits: (ParMarkBitMap*) 0x000000006220be30
 Begin Bits: [0x0000000011ff0000, 0x00000000127f0000)
 End Bits:   [0x00000000127f0000, 0x0000000012ff0000)

Polling page: 0x0000000002370000

CodeCache: size=245760Kb used=5689Kb max_used=5689Kb free=240070Kb
 bounds [0x0000000002670000, 0x0000000002c10000, 0x0000000011670000]
 total_blobs=1998 nmethods=1578 adapters=332
 compilation: enabled

Compilation events (10 events):
Event: 3.061 Thread 0x0000000013aca800 1578       3       java.lang.reflect.Constructor::newInstance (87 bytes)
Event: 3.062 Thread 0x0000000013aca800 nmethod 1578 0x0000000002bfd610 code [0x0000000002bfd800, 0x0000000002bfdf28]
Event: 3.062 Thread 0x0000000013aca800 1579       3       java.lang.invoke.LambdaForm::uncustomize (58 bytes)
Event: 3.062 Thread 0x0000000013aca800 nmethod 1579 0x0000000002bfe190 code [0x0000000002bfe300, 0x0000000002bfe5b0]
Event: 3.067 Thread 0x0000000013aca800 1580       3       java.io.WinNTFileSystem::resolve (231 bytes)
Event: 3.069 Thread 0x0000000013aca800 nmethod 1580 0x0000000002bfe650 code [0x0000000002bfe920, 0x0000000002c001a8]
Event: 3.073 Thread 0x0000000013aca800 1581       3       sun.nio.fs.WindowsPathParser::isSlash (18 bytes)
Event: 3.074 Thread 0x0000000013aca800 nmethod 1581 0x0000000002c00d50 code [0x0000000002c00ea0, 0x0000000002c01070]
Event: 3.080 Thread 0x0000000013aca800 1582       3       java.util.concurrent.locks.AbstractQueuedSynchronizer::setState (6 bytes)
Event: 3.081 Thread 0x0000000013aca800 nmethod 1582 0x0000000002c010d0 code [0x0000000002c01220, 0x0000000002c01370]

GC Heap History (4 events):
Event: 1.352 GC heap before
{Heap before GC invocations=1 (full 0):
 PSYoungGen      total 76288K, used 65536K [0x00000000f5580000, 0x00000000faa80000, 0x0000000100000000)
  eden space 65536K, 100% used [0x00000000f5580000,0x00000000f9580000,0x00000000f9580000)
  from space 10752K, 0% used [0x00000000fa000000,0x00000000fa000000,0x00000000faa80000)
  to   space 10752K, 0% used [0x00000000f9580000,0x00000000f9580000,0x00000000fa000000)
 ParOldGen       total 175104K, used 0K [0x00000000e0000000, 0x00000000eab00000, 0x00000000f5580000)
  object space 175104K, 0% used [0x00000000e0000000,0x00000000e0000000,0x00000000eab00000)
 Metaspace       used 7457K, capacity 7712K, committed 7936K, reserved 1056768K
  class space    used 943K, capacity 1022K, committed 1024K, reserved 1048576K
Event: 1.361 GC heap after
Heap after GC invocations=1 (full 0):
 PSYoungGen      total 76288K, used 5907K [0x00000000f5580000, 0x00000000faa80000, 0x0000000100000000)
  eden space 65536K, 0% used [0x00000000f5580000,0x00000000f5580000,0x00000000f9580000)
  from space 10752K, 54% used [0x00000000f9580000,0x00000000f9b44d28,0x00000000fa000000)
  to   space 10752K, 0% used [0x00000000fa000000,0x00000000fa000000,0x00000000faa80000)
 ParOldGen       total 175104K, used 16K [0x00000000e0000000, 0x00000000eab00000, 0x00000000f5580000)
  object space 175104K, 0% used [0x00000000e0000000,0x00000000e0004000,0x00000000eab00000)
 Metaspace       used 7457K, capacity 7712K, committed 7936K, reserved 1056768K
  class space    used 943K, capacity 1022K, committed 1024K, reserved 1048576K
}
Event: 2.563 GC heap before
{Heap before GC invocations=2 (full 0):
 PSYoungGen      total 76288K, used 71443K [0x00000000f5580000, 0x00000000faa80000, 0x0000000100000000)
  eden space 65536K, 100% used [0x00000000f5580000,0x00000000f9580000,0x00000000f9580000)
  from space 10752K, 54% used [0x00000000f9580000,0x00000000f9b44d28,0x00000000fa000000)
  to   space 10752K, 0% used [0x00000000fa000000,0x00000000fa000000,0x00000000faa80000)
 ParOldGen       total 175104K, used 16K [0x00000000e0000000, 0x00000000eab00000, 0x00000000f5580000)
  object space 175104K, 0% used [0x00000000e0000000,0x00000000e0004000,0x00000000eab00000)
 Metaspace       used 12994K, capacity 13348K, committed 13568K, reserved 1060864K
  class space    used 1807K, capacity 1928K, committed 2048K, reserved 1048576K
Event: 2.583 GC heap after
Heap after GC invocations=2 (full 0):
 PSYoungGen      total 76288K, used 8543K [0x00000000f5580000, 0x00000000faa80000, 0x0000000100000000)
  eden space 65536K, 0% used [0x00000000f5580000,0x00000000f5580000,0x00000000f9580000)
  from space 10752K, 79% used [0x00000000fa000000,0x00000000fa857f50,0x00000000faa80000)
  to   space 10752K, 0% used [0x00000000f9580000,0x00000000f9580000,0x00000000fa000000)
 ParOldGen       total 175104K, used 24K [0x00000000e0000000, 0x00000000eab00000, 0x00000000f5580000)
  object space 175104K, 0% used [0x00000000e0000000,0x00000000e0006000,0x00000000eab00000)
 Metaspace       used 12994K, capacity 13348K, committed 13568K, reserved 1060864K
  class space    used 1807K, capacity 1928K, committed 2048K, reserved 1048576K
}

Deoptimization events (10 events):
Event: 1.727 Thread 0x000000000246e000 Uncommon trap: reason=bimorphic action=maybe_recompile pc=0x00000000028c01e4 method=java.util.HashMap.putVal(ILjava/lang/Object;Ljava/lang/Object;ZZ)Ljava/lang/Object; @ 203
Event: 2.002 Thread 0x000000000246e000 Uncommon trap: reason=unstable_if action=reinterpret pc=0x00000000029d58f4 method=java.io.WinNTFileSystem.normalize(Ljava/lang/String;)Ljava/lang/String; @ 128
Event: 2.002 Thread 0x000000000246e000 Uncommon trap: reason=unstable_if action=reinterpret pc=0x000000000296d700 method=java.io.WinNTFileSystem.normalize(Ljava/lang/String;II)Ljava/lang/String; @ 90
Event: 2.863 Thread 0x0000000017685800 Uncommon trap: reason=class_check action=maybe_recompile pc=0x00000000029ded44 method=java.util.regex.Matcher.match(II)Z @ 86
Event: 2.879 Thread 0x0000000017685800 Uncommon trap: reason=class_check action=maybe_recompile pc=0x00000000029ded44 method=java.util.regex.Matcher.match(II)Z @ 86
Event: 2.905 Thread 0x0000000017685800 Uncommon trap: reason=class_check action=maybe_recompile pc=0x00000000029ded44 method=java.util.regex.Matcher.match(II)Z @ 86
Event: 2.905 Thread 0x0000000017685800 Uncommon trap: reason=class_check action=maybe_recompile pc=0x000000000283ae60 method=java.util.regex.Matcher.match(II)Z @ 86
Event: 2.967 Thread 0x0000000017685800 Uncommon trap: reason=unstable_if action=reinterpret pc=0x0000000002843384 method=java.io.WinNTFileSystem.resolve(Ljava/lang/String;Ljava/lang/String;)Ljava/lang/String; @ 19
Event: 2.968 Thread 0x0000000017685800 Uncommon trap: reason=unstable_if action=reinterpret pc=0x00000000029dd4dc method=java.io.File.getName()Ljava/lang/String; @ 16
Event: 2.968 Thread 0x0000000017685800 Uncommon trap: reason=unstable_if action=reinterpret pc=0x00000000029c5f14 method=java.lang.String.substring(I)Ljava/lang/String; @ 35

Classes redefined (0 events):
No events

Internal exceptions (10 events):
Event: 0.784 Thread 0x000000000246e000 Exception <a 'java/lang/ArrayIndexOutOfBoundsException'> (0x00000000f71a4fc8) thrown at [C:\ade\jenkins\workspace\8-2-build-windows-amd64-cygwin\jdk8u241\331\hotspot\src\share\vm\runtime\sharedRuntime.cpp, line 605]
Event: 0.784 Thread 0x000000000246e000 Exception <a 'java/lang/ArrayIndexOutOfBoundsException'> (0x00000000f71a6d78) thrown at [C:\ade\jenkins\workspace\8-2-build-windows-amd64-cygwin\jdk8u241\331\hotspot\src\share\vm\runtime\sharedRuntime.cpp, line 605]
Event: 0.784 Thread 0x000000000246e000 Exception <a 'java/lang/ArrayIndexOutOfBoundsException'> (0x00000000f71a9450) thrown at [C:\ade\jenkins\workspace\8-2-build-windows-amd64-cygwin\jdk8u241\331\hotspot\src\share\vm\runtime\sharedRuntime.cpp, line 605]
Event: 0.785 Thread 0x000000000246e000 Exception <a 'java/lang/ArrayIndexOutOfBoundsException'> (0x00000000f71bee48) thrown at [C:\ade\jenkins\workspace\8-2-build-windows-amd64-cygwin\jdk8u241\331\hotspot\src\share\vm\runtime\sharedRuntime.cpp, line 605]
Event: 1.801 Thread 0x000000000246e000 Exception <a 'java/lang/NoSuchMethodError': java.lang.Object.lambda$get$0(Ljava/util/function/Supplier;Ljava/lang/Object;)Ljava/lang/Object;> (0x00000000f7d39ae8) thrown at [C:\ade\jenkins\workspace\8-2-build-windows-amd64-cygwin\jdk8u241\331\hotspot\src\
Event: 2.330 Thread 0x000000000246e000 Exception <a 'java/io/IOException'> (0x00000000f80bccb8) thrown at [C:\ade\jenkins\workspace\8-2-build-windows-amd64-cygwin\jdk8u241\331\hotspot\src\share\vm\prims\jni.cpp, line 710]
Event: 2.683 Thread 0x0000000017685800 Exception <a 'java/lang/NoSuchMethodError': java.lang.Object.lambda$static$0(Lorg/gradle/internal/state/ModelObject;)Ljava/lang/String;> (0x00000000f5c3e578) thrown at [C:\ade\jenkins\workspace\8-2-build-windows-amd64-cygwin\jdk8u241\331\hotspot\src\share
Event: 3.051 Thread 0x0000000017685800 Exception <a 'java/lang/NoSuchMethodError': java.lang.Object.lambda$and$0(Ljava/util/function/Predicate;Ljava/lang/Object;)Z> (0x00000000f7c80278) thrown at [C:\ade\jenkins\workspace\8-2-build-windows-amd64-cygwin\jdk8u241\331\hotspot\src\share\vm\interpr
Event: 3.061 Thread 0x0000000017685800 Exception <a 'java/lang/IncompatibleClassChangeError': Found class java.lang.Object, but interface was expected> (0x00000000f7c90898) thrown at [C:\ade\jenkins\workspace\8-2-build-windows-amd64-cygwin\jdk8u241\331\hotspot\src\share\vm\interpreter\linkReso
Event: 3.065 Thread 0x0000000017685800 Exception <a 'java/lang/NoSuchMethodError': java.lang.Object.lambda$or$2(Ljava/util/function/Predicate;Ljava/lang/Object;)Z> (0x00000000f7c95648) thrown at [C:\ade\jenkins\workspace\8-2-build-windows-amd64-cygwin\jdk8u241\331\hotspot\src\share\vm\interpre

Events (10 events):
Event: 3.077 loading class org/gradle/internal/serialize/ExceptionReplacingObjectOutputStream
Event: 3.077 loading class org/gradle/internal/serialize/ExceptionReplacingObjectOutputStream done
Event: 3.077 loading class java/io/ObjectInputStream
Event: 3.078 loading class java/io/ObjectInput
Event: 3.078 loading class java/io/ObjectInput done
Event: 3.078 loading class java/io/ObjectInputStream done
Event: 3.078 loading class org/gradle/tooling/internal/provider/serialization/PayloadSerializerObjectInputStream
Event: 3.078 loading class org/gradle/tooling/internal/provider/serialization/PayloadSerializerObjectInputStream done
Event: 3.081 loading class org/gradle/internal/serialize/ExceptionReplacingObjectInputStream
Event: 3.081 loading class org/gradle/internal/serialize/ExceptionReplacingObjectInputStream done


Dynamic libraries:
0x00007ff7da170000 - 0x00007ff7da1a7000 	C:\Program Files\Java\jdk1.8.0_241\bin\java.exe
0x00007ffc83d50000 - 0x00007ffc83f48000 	C:\Windows\SYSTEM32\ntdll.dll
0x00007ffc82070000 - 0x00007ffc8212d000 	C:\Windows\System32\KERNEL32.DLL
0x00007ffc81680000 - 0x00007ffc8194e000 	C:\Windows\System32\KERNELBASE.dll
0x00007ffc82fc0000 - 0x00007ffc8306e000 	C:\Windows\System32\ADVAPI32.dll
0x00007ffc81f10000 - 0x00007ffc81fae000 	C:\Windows\System32\msvcrt.dll
0x00007ffc81de0000 - 0x00007ffc81e7c000 	C:\Windows\System32\sechost.dll
0x00007ffc83300000 - 0x00007ffc83425000 	C:\Windows\System32\RPCRT4.dll
0x00007ffc83070000 - 0x00007ffc83210000 	C:\Windows\System32\USER32.dll
0x00007ffc81ac0000 - 0x00007ffc81ae2000 	C:\Windows\System32\win32u.dll
0x00007ffc81e80000 - 0x00007ffc81eaa000 	C:\Windows\System32\GDI32.dll
0x00007ffc81ca0000 - 0x00007ffc81dab000 	C:\Windows\System32\gdi32full.dll
0x00007ffc814e0000 - 0x00007ffc8157d000 	C:\Windows\System32\msvcp_win.dll
0x00007ffc81580000 - 0x00007ffc81680000 	C:\Windows\System32\ucrtbase.dll
0x00007ffc70610000 - 0x00007ffc708aa000 	C:\Windows\WinSxS\amd64_microsoft.windows.common-controls_6595b64144ccf1df_6.0.19041.1110_none_60b5254171f9507e\COMCTL32.dll
0x00007ffc834e0000 - 0x00007ffc83510000 	C:\Windows\System32\IMM32.DLL
0x0000000062290000 - 0x0000000062362000 	C:\Program Files\Java\jdk1.8.0_241\jre\bin\msvcr100.dll
0x00000000619e0000 - 0x000000006228c000 	C:\Program Files\Java\jdk1.8.0_241\jre\bin\server\jvm.dll
0x00007ffc83210000 - 0x00007ffc83218000 	C:\Windows\System32\PSAPI.DLL
0x00007ffc737a0000 - 0x00007ffc737aa000 	C:\Windows\SYSTEM32\VERSION.dll
0x00007ffc73770000 - 0x00007ffc73797000 	C:\Windows\SYSTEM32\WINMM.dll
0x00007ffc6f680000 - 0x00007ffc6f689000 	C:\Windows\SYSTEM32\WSOCK32.dll
0x00007ffc825e0000 - 0x00007ffc8264b000 	C:\Windows\System32\WS2_32.dll
0x00007ffc72830000 - 0x00007ffc7283f000 	C:\Program Files\Java\jdk1.8.0_241\jre\bin\verify.dll
0x00007ffc72800000 - 0x00007ffc72829000 	C:\Program Files\Java\jdk1.8.0_241\jre\bin\java.dll
0x00007ffc6a320000 - 0x00007ffc6a336000 	C:\Program Files\Java\jdk1.8.0_241\jre\bin\zip.dll
0x00007ffc83510000 - 0x00007ffc83c54000 	C:\Windows\System32\SHELL32.dll
0x00007ffc7f1a0000 - 0x00007ffc7f934000 	C:\Windows\SYSTEM32\windows.storage.dll
0x00007ffc82b40000 - 0x00007ffc82e94000 	C:\Windows\System32\combase.dll
0x00007ffc80ed0000 - 0x00007ffc80f00000 	C:\Windows\SYSTEM32\Wldp.dll
0x00007ffc83c60000 - 0x00007ffc83d0d000 	C:\Windows\System32\SHCORE.dll
0x00007ffc81fb0000 - 0x00007ffc82005000 	C:\Windows\System32\shlwapi.dll
0x00007ffc813b0000 - 0x00007ffc813cf000 	C:\Windows\SYSTEM32\profapi.dll
0x00007ffc6a300000 - 0x00007ffc6a31a000 	C:\Program Files\Java\jdk1.8.0_241\jre\bin\net.dll
0x00007ffc80c30000 - 0x00007ffc80c9a000 	C:\Windows\system32\mswsock.dll
0x00007ffc6a2e0000 - 0x00007ffc6a2f2000 	C:\Program Files\Java\jdk1.8.0_241\jre\bin\nio.dll
0x00007ffc72840000 - 0x00007ffc72867000 	C:\Users\Administrator\.gradle\native\e1d6ef7f7dcc3fd88c89a11ec53ec762bb8ba0a96d01ffa2cd45eb1d1d8dd5c5\windows-amd64\native-platform.dll
0x00007ffc3de30000 - 0x00007ffc3df74000 	C:\Users\Administrator\.gradle\native\0d407fdbe67a94daf76414ababcb853783967236a71b16ec16e742cd7a986fd3\windows-amd64\native-platform-file-events.dll
0x00007ffc727a0000 - 0x00007ffc727ad000 	C:\Program Files\Java\jdk1.8.0_241\jre\bin\management.dll
0x00007ffc80e20000 - 0x00007ffc80e38000 	C:\Windows\SYSTEM32\CRYPTSP.dll
0x00007ffc80540000 - 0x00007ffc80574000 	C:\Windows\system32\rsaenh.dll
0x00007ffc819e0000 - 0x00007ffc81a07000 	C:\Windows\System32\bcrypt.dll
0x00007ffc81370000 - 0x00007ffc8139e000 	C:\Windows\SYSTEM32\USERENV.dll
0x00007ffc81950000 - 0x00007ffc819d2000 	C:\Windows\System32\bcryptprimitives.dll
0x00007ffc80e40000 - 0x00007ffc80e4c000 	C:\Windows\SYSTEM32\CRYPTBASE.dll
0x00007ffc808d0000 - 0x00007ffc8090b000 	C:\Windows\SYSTEM32\IPHLPAPI.DLL
0x00007ffc81db0000 - 0x00007ffc81db8000 	C:\Windows\System32\NSI.dll
0x00007ffc774e0000 - 0x00007ffc774f7000 	C:\Windows\SYSTEM32\dhcpcsvc6.DLL
0x00007ffc781a0000 - 0x00007ffc781bd000 	C:\Windows\SYSTEM32\dhcpcsvc.DLL
0x00007ffc80910000 - 0x00007ffc809db000 	C:\Windows\SYSTEM32\DNSAPI.dll

VM Arguments:
jvm_args: -XX:MaxMetaspaceSize=256m -XX:+HeapDumpOnOutOfMemoryError -Xms256m -Xmx512m -Dfile.encoding=windows-1252 -Duser.country=US -Duser.language=en -Duser.variant 
java_command: org.gradle.launcher.daemon.bootstrap.GradleDaemon 7.4.1
java_class_path (initial): C:\Users\Administrator\.gradle\wrapper\dists\gradle-7.4.1-all\htb4l60oox3i12rnwfoqoo8d\gradle-7.4.1\lib\gradle-launcher-7.4.1.jar
Launcher Type: SUN_STANDARD

Environment Variables:
PATH=C:\Program Files (x86)\Common Files\Oracle\Java\javapath;C:\ProgramData\Oracle\Java\javapath;C:\Windows\system32;C:\Windows;C:\Windows\System32\Wbem;C:\Windows\System32\WindowsPowerShell\v1.0\;C:\Windows\System32\OpenSSH\;C:\Program Files (x86)\Microsoft SQL Server\100\Tools\Binn\;C:\Program Files (x86)\Microsoft SQL Server\100\DTS\Binn\;C:\Program Files\Git\cmd;C:\Program Files\nodejs\;C:\Users\Administrator\AppData\Local\Microsoft\WindowsApps;C:\Users\Administrator\AppData\Roaming\npm
USERNAME=Administrator
OS=Windows_NT
PROCESSOR_IDENTIFIER=Intel64 Family 6 Model 61 Stepping 4, GenuineIntel



---------------  S Y S T E M  ---------------

OS: Windows 10.0 , 64 bit Build 19041 (10.0.19041.1806)

CPU:total 4 (initial active 4) (2 cores per cpu, 2 threads per core) family 6 model 61 stepping 4, cmov, cx8, fxsr, mmx, sse, sse2, sse3, ssse3, sse4.1, sse4.2, popcnt, avx, avx2, aes, clmul, erms, 3dnowpref, lzcnt, ht, tsc, tscinvbit, bmi1, bmi2, adx

Memory: 4k page, physical 8277140k(1951696k free), swap 11125680k(4092k free)

vm_info: Java HotSpot(TM) 64-Bit Server VM (25.241-b07) for windows-amd64 JRE (1.8.0_241-b07), built on Dec 11 2019 10:21:40 by "rejava" with MS VC++ 10.0 (VS2010)

time: Wed Jul 20 23:10:27 2022
timezone: SE Asia Standard Time
elapsed time: 3 seconds (0d 0h 0m 3s)

