#
# There is insufficient memory for the Java Runtime Environment to continue.
# Native memory allocation (malloc) failed to allocate 129936 bytes for Chunk::new
# Possible reasons:
#   The system is out of physical RAM or swap space
#   The process is running with CompressedOops enabled, and the Java Heap may be blocking the growth of the native heap
# Possible solutions:
#   Reduce memory load on the system
#   Increase physical memory or swap space
#   Check if swap backing store is full
#   Decrease Java heap size (-Xmx/-Xms)
#   Decrease number of Java threads
#   Decrease Java thread stack sizes (-Xss)
#   Set larger code cache with -XX:ReservedCodeCacheSize=
#   JVM is running with Unscaled Compressed Oops mode in which the Java heap is
#     placed in the first 4GB address space. The Java Heap base address is the
#     maximum limit for the native heap growth. Please use -XX:HeapBaseMinAddress
#     to set the Java Heap base and to place the Java Heap above 4GB virtual address.
# This output file may be truncated or incomplete.
#
#  Out of Memory Error (allocation.cpp:389), pid=3492, tid=0x0000000000000854
#
# JRE version: Java(TM) SE Runtime Environment (8.0_241-b07) (build 1.8.0_241-b07)
# Java VM: Java HotSpot(TM) 64-Bit Server VM (25.241-b07 mixed mode windows-amd64 compressed oops)
# Failed to write core dump. Minidumps are not enabled by default on client versions of Windows
#

---------------  T H R E A D  ---------------

Current thread (0x0000000013d9c800):  JavaThread "C2 CompilerThread1" daemon [_thread_in_native, id=2132, stack(0x00000000154f0000,0x00000000155f0000)]

Stack: [0x00000000154f0000,0x00000000155f0000]
[error occurred during error reporting (printing stack bounds), id 0xc0000005]

Native frames: (J=compiled Java code, j=interpreted, Vv=VM code, C=native code)


Current CompileTask:
C2:   3017 1621       4       java.io.DataOutputStream::writeShort (35 bytes)


---------------  P R O C E S S  ---------------

Java Threads: ( => current thread )
  0x0000000015f41000 JavaThread "Cache worker for file hash cache (C:\Users\Administrator\.gradle\caches\7.4.1\fileHashes)" [_thread_blocked, id=2920, stack(0x0000000019b10000,0x0000000019c10000)]
  0x0000000015f3f000 JavaThread "File lock request listener" [_thread_in_native, id=6384, stack(0x0000000019a10000,0x0000000019b10000)]
  0x0000000015f3d800 JavaThread "Cache worker for journal cache (C:\Users\Administrator\.gradle\caches\journal-1)" [_thread_blocked, id=10492, stack(0x0000000019910000,0x0000000019a10000)]
  0x000000001787f800 JavaThread "Daemon client event forwarder" [_thread_blocked, id=8036, stack(0x0000000019610000,0x0000000019710000)]
  0x000000001787c800 JavaThread "Stdin handler" [_thread_blocked, id=11456, stack(0x0000000019510000,0x0000000019610000)]
  0x00000000178a1000 JavaThread "Asynchronous log dispatcher for DefaultDaemonConnection: socket connection from /127.0.0.1:50885 to /127.0.0.1:50886" [_thread_blocked, id=1932, stack(0x0000000019410000,0x0000000019510000)]
  0x00000000178a5000 JavaThread "Daemon worker" [_thread_blocked, id=7516, stack(0x0000000019310000,0x0000000019410000)]
  0x00000000178a4800 JavaThread "Cancel handler" [_thread_blocked, id=11928, stack(0x0000000019210000,0x0000000019310000)]
  0x00000000178c6000 JavaThread "Handler for socket connection from /127.0.0.1:50885 to /127.0.0.1:50886" [_thread_in_native, id=10020, stack(0x0000000019110000,0x0000000019210000)]
  0x00000000178bf000 JavaThread "Daemon" [_thread_blocked, id=10244, stack(0x0000000019010000,0x0000000019110000)]
  0x000000001775c000 JavaThread "Daemon periodic checks" [_thread_blocked, id=10044, stack(0x0000000018d10000,0x0000000018e10000)]
  0x0000000017730000 JavaThread "Incoming local TCP Connector on port 50885" [_thread_in_native, id=7320, stack(0x0000000018ad0000,0x0000000018bd0000)]
  0x0000000017461800 JavaThread "Daemon health stats" [_thread_blocked, id=7008, stack(0x0000000018690000,0x0000000018790000)]
  0x0000000015718800 JavaThread "Service Thread" daemon [_thread_blocked, id=12224, stack(0x0000000015af0000,0x0000000015bf0000)]
  0x0000000013dac000 JavaThread "C1 CompilerThread2" daemon [_thread_blocked, id=9060, stack(0x00000000155f0000,0x00000000156f0000)]
=>0x0000000013d9c800 JavaThread "C2 CompilerThread1" daemon [_thread_in_native, id=2132, stack(0x00000000154f0000,0x00000000155f0000)]
  0x0000000013d98800 JavaThread "C2 CompilerThread0" daemon [_thread_in_native, id=8012, stack(0x00000000153f0000,0x00000000154f0000)]
  0x0000000013d95000 JavaThread "Attach Listener" daemon [_thread_blocked, id=5144, stack(0x00000000152f0000,0x00000000153f0000)]
  0x0000000013d93800 JavaThread "Signal Dispatcher" daemon [_thread_blocked, id=7392, stack(0x00000000151f0000,0x00000000152f0000)]
  0x0000000002a1d000 JavaThread "Finalizer" daemon [_thread_blocked, id=2572, stack(0x0000000014ff0000,0x00000000150f0000)]
  0x0000000002a13000 JavaThread "Reference Handler" daemon [_thread_blocked, id=6112, stack(0x0000000014ef0000,0x0000000014ff0000)]
  0x000000000291e000 JavaThread "main" [_thread_blocked, id=7300, stack(0x0000000002760000,0x0000000002860000)]

Other Threads:
  0x0000000013d58000 VMThread [stack: 0x0000000014df0000,0x0000000014ef0000] [id=11116]
  0x0000000013dee800 WatcherThread [stack: 0x0000000015bf0000,0x0000000015cf0000] [id=5324]

VM state:at safepoint (normal execution)

VM Mutex/Monitor currently owned by a thread:  ([mutex/lock_event])
[0x000000000291d7d0] Threads_lock - owner thread: 0x0000000013d58000
[0x000000000291d050] Heap_lock - owner thread: 0x00000000178a5000

heap address: 0x00000000e0000000, size: 512 MB, Compressed Oops mode: 32-bit
Narrow klass base: 0x0000000000000000, Narrow klass shift: 3
Compressed class space size: 1073741824 Address: 0x0000000100000000

Heap:
 PSYoungGen      total 76288K, used 57602K [0x00000000f5580000, 0x00000000faa80000, 0x0000000100000000)
  eden space 65536K, 74% used [0x00000000f5580000,0x00000000f85528a0,0x00000000f9580000)
  from space 10752K, 80% used [0x00000000fa000000,0x00000000fa86e000,0x00000000faa80000)
  to   space 10752K, 12% used [0x00000000f9580000,0x00000000f96d4030,0x00000000fa000000)
 ParOldGen       total 175104K, used 24K [0x00000000e0000000, 0x00000000eab00000, 0x00000000f5580000)
  object space 175104K, 0% used [0x00000000e0000000,0x00000000e0006000,0x00000000eab00000)
 Metaspace       used 16840K, capacity 17370K, committed 17536K, reserved 1069056K
  class space    used 2418K, capacity 2595K, committed 2688K, reserved 1048576K

Card table byte_map: [0x0000000011de0000,0x0000000011ef0000] byte_map_base: 0x00000000116e0000

Marking Bits: (ParMarkBitMap*) 0x000000006220be30
 Begin Bits: [0x00000000122f0000, 0x0000000012af0000)
 End Bits:   [0x0000000012af0000, 0x00000000132f0000)

Polling page: 0x0000000000ea0000

CodeCache: size=245760Kb used=5692Kb max_used=5692Kb free=240067Kb
 bounds [0x0000000002a20000, 0x0000000002fc0000, 0x0000000011a20000]
 total_blobs=2047 nmethods=1625 adapters=334
 compilation: enabled

Compilation events (10 events):
Event: 3.004 Thread 0x0000000013dac000 1623       3       java.lang.reflect.Constructor::setConstructorAccessor (21 bytes)
Event: 3.005 Thread 0x0000000013dac000 nmethod 1623 0x0000000002faf210 code [0x0000000002faf380, 0x0000000002faf728]
Event: 3.005 Thread 0x0000000013dac000 1622       1       java.lang.reflect.Constructor::getConstructorAccessor (5 bytes)
Event: 3.005 Thread 0x0000000013dac000 nmethod 1622 0x0000000002faf850 code [0x0000000002faf9a0, 0x0000000002fafab0]
Event: 3.010 Thread 0x0000000013dac000 1624       3       java.util.Collections$EmptyMap::entrySet (4 bytes)
Event: 3.010 Thread 0x0000000013dac000 nmethod 1624 0x0000000002fafb10 code [0x0000000002fafc80, 0x0000000002fafe30]
Event: 3.013 Thread 0x0000000013dac000 1625       3       java.lang.invoke.MethodHandleNatives::refKindIsField (32 bytes)
Event: 3.013 Thread 0x0000000013dac000 nmethod 1625 0x0000000002fb0090 code [0x0000000002fb01e0, 0x0000000002fb0390]
Event: 3.013 Thread 0x0000000013dac000 1627       3       java.lang.invoke.MemberName$Factory::resolveOrFail (52 bytes)
Event: 3.014 Thread 0x0000000013dac000 nmethod 1627 0x0000000002fb0410 code [0x0000000002fb05e0, 0x0000000002fb0eb8]

GC Heap History (4 events):
Event: 1.390 GC heap before
{Heap before GC invocations=1 (full 0):
 PSYoungGen      total 76288K, used 65536K [0x00000000f5580000, 0x00000000faa80000, 0x0000000100000000)
  eden space 65536K, 100% used [0x00000000f5580000,0x00000000f9580000,0x00000000f9580000)
  from space 10752K, 0% used [0x00000000fa000000,0x00000000fa000000,0x00000000faa80000)
  to   space 10752K, 0% used [0x00000000f9580000,0x00000000f9580000,0x00000000fa000000)
 ParOldGen       total 175104K, used 0K [0x00000000e0000000, 0x00000000eab00000, 0x00000000f5580000)
  object space 175104K, 0% used [0x00000000e0000000,0x00000000e0000000,0x00000000eab00000)
 Metaspace       used 7463K, capacity 7712K, committed 7936K, reserved 1056768K
  class space    used 943K, capacity 1022K, committed 1024K, reserved 1048576K
Event: 1.397 GC heap after
Heap after GC invocations=1 (full 0):
 PSYoungGen      total 76288K, used 5939K [0x00000000f5580000, 0x00000000faa80000, 0x0000000100000000)
  eden space 65536K, 0% used [0x00000000f5580000,0x00000000f5580000,0x00000000f9580000)
  from space 10752K, 55% used [0x00000000f9580000,0x00000000f9b4cd28,0x00000000fa000000)
  to   space 10752K, 0% used [0x00000000fa000000,0x00000000fa000000,0x00000000faa80000)
 ParOldGen       total 175104K, used 16K [0x00000000e0000000, 0x00000000eab00000, 0x00000000f5580000)
  object space 175104K, 0% used [0x00000000e0000000,0x00000000e0004000,0x00000000eab00000)
 Metaspace       used 7463K, capacity 7712K, committed 7936K, reserved 1056768K
  class space    used 943K, capacity 1022K, committed 1024K, reserved 1048576K
}
Event: 2.485 GC heap before
{Heap before GC invocations=2 (full 0):
 PSYoungGen      total 76288K, used 71475K [0x00000000f5580000, 0x00000000faa80000, 0x0000000100000000)
  eden space 65536K, 100% used [0x00000000f5580000,0x00000000f9580000,0x00000000f9580000)
  from space 10752K, 55% used [0x00000000f9580000,0x00000000f9b4cd28,0x00000000fa000000)
  to   space 10752K, 0% used [0x00000000fa000000,0x00000000fa000000,0x00000000faa80000)
 ParOldGen       total 175104K, used 16K [0x00000000e0000000, 0x00000000eab00000, 0x00000000f5580000)
  object space 175104K, 0% used [0x00000000e0000000,0x00000000e0004000,0x00000000eab00000)
 Metaspace       used 13000K, capacity 13348K, committed 13568K, reserved 1060864K
  class space    used 1807K, capacity 1928K, committed 2048K, reserved 1048576K
Event: 2.497 GC heap after
Heap after GC invocations=2 (full 0):
 PSYoungGen      total 76288K, used 8632K [0x00000000f5580000, 0x00000000faa80000, 0x0000000100000000)
  eden space 65536K, 0% used [0x00000000f5580000,0x00000000f5580000,0x00000000f9580000)
  from space 10752K, 80% used [0x00000000fa000000,0x00000000fa86e000,0x00000000faa80000)
  to   space 10752K, 0% used [0x00000000f9580000,0x00000000f9580000,0x00000000fa000000)
 ParOldGen       total 175104K, used 24K [0x00000000e0000000, 0x00000000eab00000, 0x00000000f5580000)
  object space 175104K, 0% used [0x00000000e0000000,0x00000000e0006000,0x00000000eab00000)
 Metaspace       used 13000K, capacity 13348K, committed 13568K, reserved 1060864K
  class space    used 1807K, capacity 1928K, committed 2048K, reserved 1048576K
}

Deoptimization events (10 events):
Event: 1.985 Thread 0x000000000291e000 Uncommon trap: reason=unstable_if action=reinterpret pc=0x0000000002d16a28 method=java.io.WinNTFileSystem.normalize(Ljava/lang/String;II)Ljava/lang/String; @ 90
Event: 2.362 Thread 0x00000000178a5000 Uncommon trap: reason=bimorphic action=maybe_recompile pc=0x0000000002c6ae88 method=java.util.HashMap.putVal(ILjava/lang/Object;Ljava/lang/Object;ZZ)Ljava/lang/Object; @ 253
Event: 2.362 Thread 0x00000000178a5000 Uncommon trap: reason=bimorphic action=maybe_recompile pc=0x0000000002c6ae88 method=java.util.HashMap.putVal(ILjava/lang/Object;Ljava/lang/Object;ZZ)Ljava/lang/Object; @ 253
Event: 2.761 Thread 0x00000000178a5000 Uncommon trap: reason=class_check action=maybe_recompile pc=0x0000000002d9c1c4 method=java.util.regex.Matcher.match(II)Z @ 86
Event: 2.780 Thread 0x00000000178a5000 Uncommon trap: reason=class_check action=maybe_recompile pc=0x0000000002d9c1c4 method=java.util.regex.Matcher.match(II)Z @ 86
Event: 2.803 Thread 0x00000000178a5000 Uncommon trap: reason=class_check action=maybe_recompile pc=0x0000000002d9c1c4 method=java.util.regex.Matcher.match(II)Z @ 86
Event: 2.804 Thread 0x00000000178a5000 Uncommon trap: reason=class_check action=maybe_recompile pc=0x0000000002bf13a0 method=java.util.regex.Matcher.match(II)Z @ 86
Event: 2.865 Thread 0x00000000178a5000 Uncommon trap: reason=unstable_if action=reinterpret pc=0x0000000002bf7bc4 method=java.io.WinNTFileSystem.resolve(Ljava/lang/String;Ljava/lang/String;)Ljava/lang/String; @ 19
Event: 2.866 Thread 0x00000000178a5000 Uncommon trap: reason=unstable_if action=reinterpret pc=0x0000000002d7831c method=java.io.File.getName()Ljava/lang/String; @ 16
Event: 2.866 Thread 0x00000000178a5000 Uncommon trap: reason=unstable_if action=reinterpret pc=0x0000000002d62014 method=java.lang.String.substring(I)Ljava/lang/String; @ 35

Classes redefined (0 events):
No events

Internal exceptions (10 events):
Event: 0.760 Thread 0x000000000291e000 Exception <a 'java/lang/ArrayIndexOutOfBoundsException'> (0x00000000f71a7aa8) thrown at [C:\ade\jenkins\workspace\8-2-build-windows-amd64-cygwin\jdk8u241\331\hotspot\src\share\vm\runtime\sharedRuntime.cpp, line 605]
Event: 0.761 Thread 0x000000000291e000 Exception <a 'java/lang/ArrayIndexOutOfBoundsException'> (0x00000000f71be028) thrown at [C:\ade\jenkins\workspace\8-2-build-windows-amd64-cygwin\jdk8u241\331\hotspot\src\share\vm\runtime\sharedRuntime.cpp, line 605]
Event: 0.761 Thread 0x000000000291e000 Exception <a 'java/lang/ArrayIndexOutOfBoundsException'> (0x00000000f71c0670) thrown at [C:\ade\jenkins\workspace\8-2-build-windows-amd64-cygwin\jdk8u241\331\hotspot\src\share\vm\runtime\sharedRuntime.cpp, line 605]
Event: 1.795 Thread 0x000000000291e000 Exception <a 'java/lang/NoSuchMethodError': java.lang.Object.lambda$get$0(Ljava/util/function/Supplier;Ljava/lang/Object;)Ljava/lang/Object;> (0x00000000f7d39200) thrown at [C:\ade\jenkins\workspace\8-2-build-windows-amd64-cygwin\jdk8u241\331\hotspot\src\
Event: 2.299 Thread 0x000000000291e000 Exception <a 'java/io/IOException'> (0x00000000f80bc9e8) thrown at [C:\ade\jenkins\workspace\8-2-build-windows-amd64-cygwin\jdk8u241\331\hotspot\src\share\vm\prims\jni.cpp, line 710]
Event: 2.599 Thread 0x00000000178a5000 Exception <a 'java/lang/NoSuchMethodError': java.lang.Object.lambda$static$0(Lorg/gradle/internal/state/ModelObject;)Ljava/lang/String;> (0x00000000f5c350c0) thrown at [C:\ade\jenkins\workspace\8-2-build-windows-amd64-cygwin\jdk8u241\331\hotspot\src\share
Event: 2.916 Thread 0x00000000178a5000 Exception <a 'java/lang/NoSuchMethodError': java.lang.Object.lambda$and$0(Ljava/util/function/Predicate;Ljava/lang/Object;)Z> (0x00000000f7c72250) thrown at [C:\ade\jenkins\workspace\8-2-build-windows-amd64-cygwin\jdk8u241\331\hotspot\src\share\vm\interpr
Event: 2.919 Thread 0x00000000178a5000 Exception <a 'java/lang/IncompatibleClassChangeError': Found class java.lang.Object, but interface was expected> (0x00000000f7c82898) thrown at [C:\ade\jenkins\workspace\8-2-build-windows-amd64-cygwin\jdk8u241\331\hotspot\src\share\vm\interpreter\linkReso
Event: 2.921 Thread 0x00000000178a5000 Exception <a 'java/lang/NoSuchMethodError': java.lang.Object.lambda$or$2(Ljava/util/function/Predicate;Ljava/lang/Object;)Z> (0x00000000f7c87648) thrown at [C:\ade\jenkins\workspace\8-2-build-windows-amd64-cygwin\jdk8u241\331\hotspot\src\share\vm\interpre
Event: 2.993 Thread 0x00000000178a5000 Exception <a 'java/lang/NoSuchMethodError': java.lang.Object.lambda$comparing$77a9974f$1(Ljava/util/function/Function;Ljava/lang/Object;Ljava/lang/Object;)I> (0x00000000f836a998) thrown at [C:\ade\jenkins\workspace\8-2-build-windows-amd64-cygwin\jdk8u241\

Events (10 events):
Event: 3.014 loading class java/util/TimSort
Event: 3.014 loading class java/util/TimSort done
Event: 3.014 loading class org/gradle/api/internal/BuildDefinition
Event: 3.014 loading class org/gradle/api/internal/BuildDefinition done
Event: 3.015 loading class org/gradle/plugin/management/internal/PluginRequests
Event: 3.015 loading class org/gradle/plugin/management/internal/PluginRequests done
Event: 3.015 loading class org/gradle/plugin/management/internal/PluginRequests$EmptyPluginRequests
Event: 3.015 loading class org/gradle/plugin/management/internal/PluginRequests$EmptyPluginRequests done
Event: 3.016 loading class org/gradle/internal/Actions
Event: 3.016 loading class org/gradle/internal/Actions done


Dynamic libraries:
0x00007ff7da170000 - 0x00007ff7da1a7000 	C:\Program Files\Java\jdk1.8.0_241\bin\java.exe
0x00007ffc83d50000 - 0x00007ffc83f48000 	C:\Windows\SYSTEM32\ntdll.dll
0x00007ffc82070000 - 0x00007ffc8212d000 	C:\Windows\System32\KERNEL32.DLL
0x00007ffc81680000 - 0x00007ffc8194e000 	C:\Windows\System32\KERNELBASE.dll
0x00007ffc82fc0000 - 0x00007ffc8306e000 	C:\Windows\System32\ADVAPI32.dll
0x00007ffc81f10000 - 0x00007ffc81fae000 	C:\Windows\System32\msvcrt.dll
0x00007ffc81de0000 - 0x00007ffc81e7c000 	C:\Windows\System32\sechost.dll
0x00007ffc83300000 - 0x00007ffc83425000 	C:\Windows\System32\RPCRT4.dll
0x00007ffc83070000 - 0x00007ffc83210000 	C:\Windows\System32\USER32.dll
0x00007ffc81ac0000 - 0x00007ffc81ae2000 	C:\Windows\System32\win32u.dll
0x00007ffc81e80000 - 0x00007ffc81eaa000 	C:\Windows\System32\GDI32.dll
0x00007ffc81ca0000 - 0x00007ffc81dab000 	C:\Windows\System32\gdi32full.dll
0x00007ffc814e0000 - 0x00007ffc8157d000 	C:\Windows\System32\msvcp_win.dll
0x00007ffc81580000 - 0x00007ffc81680000 	C:\Windows\System32\ucrtbase.dll
0x00007ffc70610000 - 0x00007ffc708aa000 	C:\Windows\WinSxS\amd64_microsoft.windows.common-controls_6595b64144ccf1df_6.0.19041.1110_none_60b5254171f9507e\COMCTL32.dll
0x00007ffc834e0000 - 0x00007ffc83510000 	C:\Windows\System32\IMM32.DLL
0x0000000062290000 - 0x0000000062362000 	C:\Program Files\Java\jdk1.8.0_241\jre\bin\msvcr100.dll
0x00000000619e0000 - 0x000000006228c000 	C:\Program Files\Java\jdk1.8.0_241\jre\bin\server\jvm.dll
0x00007ffc83210000 - 0x00007ffc83218000 	C:\Windows\System32\PSAPI.DLL
0x00007ffc6f680000 - 0x00007ffc6f689000 	C:\Windows\SYSTEM32\WSOCK32.dll
0x00007ffc73770000 - 0x00007ffc73797000 	C:\Windows\SYSTEM32\WINMM.dll
0x00007ffc737a0000 - 0x00007ffc737aa000 	C:\Windows\SYSTEM32\VERSION.dll
0x00007ffc825e0000 - 0x00007ffc8264b000 	C:\Windows\System32\WS2_32.dll
0x00007ffc72830000 - 0x00007ffc7283f000 	C:\Program Files\Java\jdk1.8.0_241\jre\bin\verify.dll
0x00007ffc72800000 - 0x00007ffc72829000 	C:\Program Files\Java\jdk1.8.0_241\jre\bin\java.dll
0x00007ffc6a320000 - 0x00007ffc6a336000 	C:\Program Files\Java\jdk1.8.0_241\jre\bin\zip.dll
0x00007ffc83510000 - 0x00007ffc83c54000 	C:\Windows\System32\SHELL32.dll
0x00007ffc7f1a0000 - 0x00007ffc7f934000 	C:\Windows\SYSTEM32\windows.storage.dll
0x00007ffc82b40000 - 0x00007ffc82e94000 	C:\Windows\System32\combase.dll
0x00007ffc80ed0000 - 0x00007ffc80f00000 	C:\Windows\SYSTEM32\Wldp.dll
0x00007ffc83c60000 - 0x00007ffc83d0d000 	C:\Windows\System32\SHCORE.dll
0x00007ffc81fb0000 - 0x00007ffc82005000 	C:\Windows\System32\shlwapi.dll
0x00007ffc813b0000 - 0x00007ffc813cf000 	C:\Windows\SYSTEM32\profapi.dll
0x00007ffc6a300000 - 0x00007ffc6a31a000 	C:\Program Files\Java\jdk1.8.0_241\jre\bin\net.dll
0x00007ffc80c30000 - 0x00007ffc80c9a000 	C:\Windows\system32\mswsock.dll
0x00007ffc6a2e0000 - 0x00007ffc6a2f2000 	C:\Program Files\Java\jdk1.8.0_241\jre\bin\nio.dll
0x00007ffc72840000 - 0x00007ffc72867000 	C:\Users\Administrator\.gradle\native\e1d6ef7f7dcc3fd88c89a11ec53ec762bb8ba0a96d01ffa2cd45eb1d1d8dd5c5\windows-amd64\native-platform.dll
0x00007ffc3de30000 - 0x00007ffc3df74000 	C:\Users\Administrator\.gradle\native\0d407fdbe67a94daf76414ababcb853783967236a71b16ec16e742cd7a986fd3\windows-amd64\native-platform-file-events.dll
0x00007ffc727a0000 - 0x00007ffc727ad000 	C:\Program Files\Java\jdk1.8.0_241\jre\bin\management.dll
0x00007ffc80e20000 - 0x00007ffc80e38000 	C:\Windows\SYSTEM32\CRYPTSP.dll
0x00007ffc80540000 - 0x00007ffc80574000 	C:\Windows\system32\rsaenh.dll
0x00007ffc819e0000 - 0x00007ffc81a07000 	C:\Windows\System32\bcrypt.dll
0x00007ffc81370000 - 0x00007ffc8139e000 	C:\Windows\SYSTEM32\USERENV.dll
0x00007ffc81950000 - 0x00007ffc819d2000 	C:\Windows\System32\bcryptprimitives.dll
0x00007ffc80e40000 - 0x00007ffc80e4c000 	C:\Windows\SYSTEM32\CRYPTBASE.dll
0x00007ffc808d0000 - 0x00007ffc8090b000 	C:\Windows\SYSTEM32\IPHLPAPI.DLL
0x00007ffc81db0000 - 0x00007ffc81db8000 	C:\Windows\System32\NSI.dll
0x00007ffc774e0000 - 0x00007ffc774f7000 	C:\Windows\SYSTEM32\dhcpcsvc6.DLL
0x00007ffc781a0000 - 0x00007ffc781bd000 	C:\Windows\SYSTEM32\dhcpcsvc.DLL
0x00007ffc80910000 - 0x00007ffc809db000 	C:\Windows\SYSTEM32\DNSAPI.dll

VM Arguments:
jvm_args: -XX:MaxMetaspaceSize=256m -XX:+HeapDumpOnOutOfMemoryError -Xms256m -Xmx512m -Dfile.encoding=windows-1252 -Duser.country=US -Duser.language=en -Duser.variant 
java_command: org.gradle.launcher.daemon.bootstrap.GradleDaemon 7.4.1
java_class_path (initial): C:\Users\Administrator\.gradle\wrapper\dists\gradle-7.4.1-all\htb4l60oox3i12rnwfoqoo8d\gradle-7.4.1\lib\gradle-launcher-7.4.1.jar
Launcher Type: SUN_STANDARD

Environment Variables:
PATH=C:\Program Files (x86)\Common Files\Oracle\Java\javapath;C:\ProgramData\Oracle\Java\javapath;C:\Windows\system32;C:\Windows;C:\Windows\System32\Wbem;C:\Windows\System32\WindowsPowerShell\v1.0\;C:\Windows\System32\OpenSSH\;C:\Program Files (x86)\Microsoft SQL Server\100\Tools\Binn\;C:\Program Files (x86)\Microsoft SQL Server\100\DTS\Binn\;C:\Program Files\Git\cmd;C:\Program Files\nodejs\;C:\Users\Administrator\AppData\Local\Microsoft\WindowsApps;C:\Users\Administrator\AppData\Roaming\npm
USERNAME=Administrator
OS=Windows_NT
PROCESSOR_IDENTIFIER=Intel64 Family 6 Model 61 Stepping 4, GenuineIntel



---------------  S Y S T E M  ---------------

OS: Windows 10.0 , 64 bit Build 19041 (10.0.19041.1806)

CPU:total 4 (initial active 4) (2 cores per cpu, 2 threads per core) family 6 model 61 stepping 4, cmov, cx8, fxsr, mmx, sse, sse2, sse3, ssse3, sse4.1, sse4.2, popcnt, avx, avx2, aes, clmul, erms, 3dnowpref, lzcnt, ht, tsc, tscinvbit, bmi1, bmi2, adx

Memory: 4k page, physical 8277140k(1931992k free), swap 11125680k(5120k free)

vm_info: Java HotSpot(TM) 64-Bit Server VM (25.241-b07) for windows-amd64 JRE (1.8.0_241-b07), built on Dec 11 2019 10:21:40 by "rejava" with MS VC++ 10.0 (VS2010)

time: Wed Jul 20 23:10:40 2022
timezone: SE Asia Standard Time
elapsed time: 3 seconds (0d 0h 0m 3s)

