#
# There is insufficient memory for the Java Runtime Environment to continue.
# Native memory allocation (malloc) failed to allocate 32744 bytes for ChunkPool::allocate
# Possible reasons:
#   The system is out of physical RAM or swap space
#   The process is running with CompressedOops enabled, and the Java Heap may be blocking the growth of the native heap
# Possible solutions:
#   Reduce memory load on the system
#   Increase physical memory or swap space
#   Check if swap backing store is full
#   Decrease Java heap size (-Xmx/-Xms)
#   Decrease number of Java threads
#   Decrease Java thread stack sizes (-Xss)
#   Set larger code cache with -XX:ReservedCodeCacheSize=
#   JVM is running with Unscaled Compressed Oops mode in which the Java heap is
#     placed in the first 4GB address space. The Java Heap base address is the
#     maximum limit for the native heap growth. Please use -XX:HeapBaseMinAddress
#     to set the Java Heap base and to place the Java Heap above 4GB virtual address.
# This output file may be truncated or incomplete.
#
#  Out of Memory Error (allocation.cpp:272), pid=1008, tid=0x000000000000070c
#
# JRE version: Java(TM) SE Runtime Environment (8.0_241-b07) (build 1.8.0_241-b07)
# Java VM: Java HotSpot(TM) 64-Bit Server VM (25.241-b07 mixed mode windows-amd64 compressed oops)
# Failed to write core dump. Minidumps are not enabled by default on client versions of Windows
#

---------------  T H R E A D  ---------------

Current thread (0x00000000191d3800):  JavaThread "C2 CompilerThread1" daemon [_thread_in_vm, id=1804, stack(0x0000000019450000,0x0000000019550000)]

Stack: [0x0000000019450000,0x0000000019550000]
[error occurred during error reporting (printing stack bounds), id 0xc0000005]

Native frames: (J=compiled Java code, j=interpreted, Vv=VM code, C=native code)


---------------  P R O C E S S  ---------------

Java Threads: ( => current thread )
  0x00000000191e8000 JavaThread "C1 CompilerThread2" daemon [_thread_blocked, id=1172, stack(0x0000000019550000,0x0000000019650000)]
=>0x00000000191d3800 JavaThread "C2 CompilerThread1" daemon [_thread_in_vm, id=1804, stack(0x0000000019450000,0x0000000019550000)]
  0x000000001908c000 JavaThread "C2 CompilerThread0" daemon [_thread_in_vm, id=8804, stack(0x0000000019350000,0x0000000019450000)]
  0x000000001908a800 JavaThread "Monitor Ctrl-Break" daemon [_thread_in_native, id=9628, stack(0x0000000019250000,0x0000000019350000)]
  0x00000000177e0000 JavaThread "Attach Listener" daemon [_thread_blocked, id=3968, stack(0x0000000018d50000,0x0000000018e50000)]
  0x00000000177db800 JavaThread "Signal Dispatcher" daemon [_thread_blocked, id=7904, stack(0x0000000018c50000,0x0000000018d50000)]
  0x0000000002b8c000 JavaThread "Finalizer" daemon [_thread_blocked, id=7912, stack(0x0000000018a50000,0x0000000018b50000)]
  0x0000000002b88000 JavaThread "Reference Handler" daemon [_thread_blocked, id=8096, stack(0x0000000018950000,0x0000000018a50000)]
  0x0000000002a99000 JavaThread "main" [_thread_in_vm, id=7284, stack(0x0000000002990000,0x0000000002a90000)]

Other Threads:
  0x0000000017797800 VMThread [stack: 0x0000000018850000,0x0000000018950000] [id=8528]

VM state:not at safepoint (normal execution)

VM Mutex/Monitor currently owned by a thread: None

heap address: 0x0000000081a00000, size: 2022 MB, Compressed Oops mode: 32-bit
Narrow klass base: 0x0000000000000000, Narrow klass shift: 3
Compressed class space size: 1073741824 Address: 0x0000000100000000

Heap:
 PSYoungGen      total 38400K, used 3351K [0x00000000d5e00000, 0x00000000d8880000, 0x0000000100000000)
  eden space 33280K, 10% used [0x00000000d5e00000,0x00000000d6145ca8,0x00000000d7e80000)
  from space 5120K, 0% used [0x00000000d8380000,0x00000000d8380000,0x00000000d8880000)
  to   space 5120K, 0% used [0x00000000d7e80000,0x00000000d7e80000,0x00000000d8380000)
 ParOldGen       total 87552K, used 0K [0x0000000081a00000, 0x0000000086f80000, 0x00000000d5e00000)
  object space 87552K, 0% used [0x0000000081a00000,0x0000000081a00000,0x0000000086f80000)
 Metaspace       used 2716K, capacity 4494K, committed 4864K, reserved 1056768K
  class space    used 296K, capacity 386K, committed 512K, reserved 1048576K

Card table byte_map: [0x0000000012050000,0x0000000012450000] byte_map_base: 0x0000000011c43000

Marking Bits: (ParMarkBitMap*) 0x0000000054eebe30
 Begin Bits: [0x0000000012b00000, 0x0000000014a98000)
 End Bits:   [0x0000000014a98000, 0x0000000016a30000)

Polling page: 0x00000000005f0000

CodeCache: size=245760Kb used=1036Kb max_used=1048Kb free=244723Kb
 bounds [0x0000000002c90000, 0x0000000002f00000, 0x0000000011c90000]
 total_blobs=228 nmethods=0 adapters=143
 compilation: enabled

Compilation events (0 events):
No events

GC Heap History (0 events):
No events

Deoptimization events (0 events):
No events

Classes redefined (0 events):
No events

Internal exceptions (2 events):
Event: 0.045 Thread 0x0000000002a99000 Exception <a 'java/lang/NoSuchMethodError': Method sun.misc.Unsafe.defineClass(Ljava/lang/String;[BII)Ljava/lang/Class; name or signature does not match> (0x00000000d5e07cc0) thrown at [C:\ade\jenkins\workspace\8-2-build-windows-amd64-cygwin\jdk8u241\331\
Event: 0.045 Thread 0x0000000002a99000 Exception <a 'java/lang/NoSuchMethodError': Method sun.misc.Unsafe.prefetchRead(Ljava/lang/Object;J)V name or signature does not match> (0x00000000d5e07fa8) thrown at [C:\ade\jenkins\workspace\8-2-build-windows-amd64-cygwin\jdk8u241\331\hotspot\src\share\

Events (10 events):
Event: 0.414 loading class java/net/Socket
Event: 0.415 Thread 0x00000000191d3800 Thread added: 0x00000000191d3800
Event: 0.415 loading class java/net/Socket done
Event: 0.415 loading class java/net/InetSocketAddress
Event: 0.415 loading class java/net/SocketAddress
Event: 0.415 loading class java/net/SocketAddress done
Event: 0.415 loading class java/net/InetSocketAddress done
Event: 0.415 loading class java/net/InetAddress
Event: 0.416 loading class java/net/InetAddress done
Event: 0.416 loading class java/net/InetSocketAddress$InetSocketAddressHolder


Dynamic libraries:
0x00007ff66b810000 - 0x00007ff66b847000 	C:\Program Files\Java\jdk1.8.0_241\bin\java.exe
0x00007ff8d25d0000 - 0x00007ff8d27c8000 	C:\Windows\SYSTEM32\ntdll.dll
0x00007ff8d0630000 - 0x00007ff8d06ed000 	C:\Windows\System32\KERNEL32.DLL
0x00007ff8cfec0000 - 0x00007ff8d018e000 	C:\Windows\System32\KERNELBASE.dll
0x00007ff8d1660000 - 0x00007ff8d170e000 	C:\Windows\System32\ADVAPI32.dll
0x00007ff8d2210000 - 0x00007ff8d22ae000 	C:\Windows\System32\msvcrt.dll
0x00007ff8d0b90000 - 0x00007ff8d0c2c000 	C:\Windows\System32\sechost.dll
0x00007ff8d2460000 - 0x00007ff8d2585000 	C:\Windows\System32\RPCRT4.dll
0x00007ff8d1430000 - 0x00007ff8d15d0000 	C:\Windows\System32\USER32.dll
0x00007ff8cfcf0000 - 0x00007ff8cfd12000 	C:\Windows\System32\win32u.dll
0x00007ff8d2100000 - 0x00007ff8d212a000 	C:\Windows\System32\GDI32.dll
0x00007ff8d0190000 - 0x00007ff8d029b000 	C:\Windows\System32\gdi32full.dll
0x00007ff8cfd90000 - 0x00007ff8cfe2d000 	C:\Windows\System32\msvcp_win.dll
0x00007ff8d0530000 - 0x00007ff8d0630000 	C:\Windows\System32\ucrtbase.dll
0x00007ff8bf0d0000 - 0x00007ff8bf36a000 	C:\Windows\WinSxS\amd64_microsoft.windows.common-controls_6595b64144ccf1df_6.0.19041.1110_none_60b5254171f9507e\COMCTL32.dll
0x00007ff8d15d0000 - 0x00007ff8d1600000 	C:\Windows\System32\IMM32.DLL
0x0000000054f70000 - 0x0000000055042000 	C:\Program Files\Java\jdk1.8.0_241\jre\bin\msvcr100.dll
0x00000000546c0000 - 0x0000000054f6c000 	C:\Program Files\Java\jdk1.8.0_241\jre\bin\server\jvm.dll
0x00007ff8d1770000 - 0x00007ff8d1778000 	C:\Windows\System32\PSAPI.DLL
0x00007ff8c2260000 - 0x00007ff8c2287000 	C:\Windows\SYSTEM32\WINMM.dll
0x00007ff8bd8c0000 - 0x00007ff8bd8c9000 	C:\Windows\SYSTEM32\WSOCK32.dll
0x00007ff8d22b0000 - 0x00007ff8d231b000 	C:\Windows\System32\WS2_32.dll
0x00007ff8c7c10000 - 0x00007ff8c7c1a000 	C:\Windows\SYSTEM32\VERSION.dll
0x00007ff8c9d40000 - 0x00007ff8c9d4f000 	C:\Program Files\Java\jdk1.8.0_241\jre\bin\verify.dll
0x00007ff8bf950000 - 0x00007ff8bf979000 	C:\Program Files\Java\jdk1.8.0_241\jre\bin\java.dll
0x00007ff8bf920000 - 0x00007ff8bf943000 	C:\Program Files\Java\jdk1.8.0_241\jre\bin\instrument.dll
0x00007ff8bdf80000 - 0x00007ff8bdf96000 	C:\Program Files\Java\jdk1.8.0_241\jre\bin\zip.dll
0x00007ff8d0cd0000 - 0x00007ff8d1414000 	C:\Windows\System32\SHELL32.dll
0x00007ff8cdae0000 - 0x00007ff8ce274000 	C:\Windows\SYSTEM32\windows.storage.dll
0x00007ff8d1930000 - 0x00007ff8d1c84000 	C:\Windows\System32\combase.dll
0x00007ff8cf750000 - 0x00007ff8cf780000 	C:\Windows\SYSTEM32\Wldp.dll
0x00007ff8d06f0000 - 0x00007ff8d079d000 	C:\Windows\System32\SHCORE.dll
0x00007ff8d07a0000 - 0x00007ff8d07f5000 	C:\Windows\System32\shlwapi.dll
0x00007ff8cfc30000 - 0x00007ff8cfc4f000 	C:\Windows\SYSTEM32\profapi.dll
0x00007ff8c8c70000 - 0x00007ff8c8c8a000 	D:\Web\IntelliJ IDEA 2020.1\bin\breakgen64.dll
0x00007ff8baaa0000 - 0x00007ff8baaba000 	C:\Program Files\Java\jdk1.8.0_241\jre\bin\net.dll
0x00007ff8cf4b0000 - 0x00007ff8cf51a000 	C:\Windows\system32\mswsock.dll

VM Arguments:
jvm_args: -XX:TieredStopAtLevel=1 -Xverify:none -Dspring.output.ansi.enabled=always -Dcom.sun.management.jmxremote -Dspring.jmx.enabled=true -Dspring.liveBeansView.mbeanDomain -Dspring.application.admin.enabled=true -javaagent:D:\Web\IntelliJ IDEA 2020.1\lib\idea_rt.jar=58224:D:\Web\IntelliJ IDEA 2020.1\bin -Dfile.encoding=UTF-8 
java_command: com.sprint2.Sprint2Application
java_class_path (initial): C:\Program Files\Java\jdk1.8.0_241\jre\lib\charsets.jar;C:\Program Files\Java\jdk1.8.0_241\jre\lib\deploy.jar;C:\Program Files\Java\jdk1.8.0_241\jre\lib\ext\access-bridge-64.jar;C:\Program Files\Java\jdk1.8.0_241\jre\lib\ext\cldrdata.jar;C:\Program Files\Java\jdk1.8.0_241\jre\lib\ext\dnsns.jar;C:\Program Files\Java\jdk1.8.0_241\jre\lib\ext\jaccess.jar;C:\Program Files\Java\jdk1.8.0_241\jre\lib\ext\jfxrt.jar;C:\Program Files\Java\jdk1.8.0_241\jre\lib\ext\localedata.jar;C:\Program Files\Java\jdk1.8.0_241\jre\lib\ext\nashorn.jar;C:\Program Files\Java\jdk1.8.0_241\jre\lib\ext\sunec.jar;C:\Program Files\Java\jdk1.8.0_241\jre\lib\ext\sunjce_provider.jar;C:\Program Files\Java\jdk1.8.0_241\jre\lib\ext\sunmscapi.jar;C:\Program Files\Java\jdk1.8.0_241\jre\lib\ext\sunpkcs11.jar;C:\Program Files\Java\jdk1.8.0_241\jre\lib\ext\zipfs.jar;C:\Program Files\Java\jdk1.8.0_241\jre\lib\javaws.jar;C:\Program Files\Java\jdk1.8.0_241\jre\lib\jce.jar;C:\Program Files\Java\jdk1.8.0_241\jre\lib\jfr.jar;C:\Program Files\Java\jdk1.8.0_241\jre\lib\jfxswt.jar;C:\Program Files\Java\jdk1.8.0_241\jre\lib\jsse.jar;C:\Program Files\Java\jdk1.8.0_241\jre\lib\management-agent.jar;C:\Program Files\Java\jdk1.8.0_241\jre\lib\plugin.jar;C:\Program Files\Java\jdk1.8.0_241\jre\lib\resources.jar;C:\Program Files\Java\jdk1.8.0_241\jre\lib\rt.jar;D:\codeGYM\C1221G1-tr-n-lu-t\C1221G1_Project\sprint2\be\book_manager\build\classes\java\main;D:\codeGYM\C1221G1-tr-n-lu-t\C1221G1_Project\sprint2\be\book_manager\build\resources\main;C:\Users\Administrator\.gradle\caches\modules-2\files-2.1\org.springframework.boot\spring-boot-starter-data-jpa\2.7.1\39e98264c195a06c8c29a63c24b6ce295ca10795\spring-boot-starter-data-jpa-2.7.1.jar;C:\Users\Administrator\.gradle\caches\modules-2\files-2.1\org.springframework.boot\spring-boot-starter-validation\2.7.1\8546b0ad5fa5ce6d37cff18a27386532540e2ab8\spring-boot-starter-validation-2.7.1.jar;C:\Users\Administrator\.gradle\caches\modules-2\files-2.1\org.spri
Launcher Type: SUN_STANDARD

Environment Variables:
PATH=C:\Program Files (x86)\Common Files\Oracle\Java\javapath;C:\ProgramData\Oracle\Java\javapath;C:\Windows\system32;C:\Windows;C:\Windows\System32\Wbem;C:\Windows\System32\WindowsPowerShell\v1.0\;C:\Windows\System32\OpenSSH\;C:\Program Files (x86)\Microsoft SQL Server\100\Tools\Binn\;C:\Program Files (x86)\Microsoft SQL Server\100\DTS\Binn\;C:\Program Files\Git\cmd;C:\Program Files\nodejs\;C:\Users\Administrator\AppData\Local\Microsoft\WindowsApps;C:\Users\Administrator\AppData\Roaming\npm
USERNAME=Administrator
OS=Windows_NT
PROCESSOR_IDENTIFIER=Intel64 Family 6 Model 61 Stepping 4, GenuineIntel



---------------  S Y S T E M  ---------------

OS: Windows 10.0 , 64 bit Build 19041 (10.0.19041.1806)

CPU:total 4 (initial active 4) (2 cores per cpu, 2 threads per core) family 6 model 61 stepping 4, cmov, cx8, fxsr, mmx, sse, sse2, sse3, ssse3, sse4.1, sse4.2, popcnt, avx, avx2, aes, clmul, erms, 3dnowpref, lzcnt, ht, tsc, tscinvbit, bmi1, bmi2, adx

Memory: 4k page, physical 8277140k(1233880k free), swap 8785316k(1284k free)

vm_info: Java HotSpot(TM) 64-Bit Server VM (25.241-b07) for windows-amd64 JRE (1.8.0_241-b07), built on Dec 11 2019 10:21:40 by "rejava" with MS VC++ 10.0 (VS2010)

time: Wed Jul 20 08:37:52 2022
timezone: SE Asia Standard Time
elapsed time: 0 seconds (0d 0h 0m 0s)

